<?xml version="1.0" encoding="UTF-8"?>
<testsuite xmlns:xsi="http://www.w3.org/2001/XMLSchema-instance" xsi:noNamespaceSchemaLocation="https://maven.apache.org/surefire/maven-surefire-plugin/xsd/surefire-test-report.xsd" version="3.0.2" name="bookstore.bookstore.CategoryRepositoryTests" time="1.941" tests="3" errors="0" skipped="0" failures="0">
  <properties>
[...]
</properties>
  <testcase name="addingNewCategoryWorks" classname="bookstore.bookstore.CategoryRepositoryTests" time="0.315">
    <system-out><![CDATA[19:08:51.370 [main] INFO org.springframework.test.context.support.AnnotationConfigContextLoaderUtils -- Could not detect default configuration classes for test class [bookstore.bookstore.CategoryRepositoryTests]: CategoryRepositoryTests does not declare any static, non-private, non-final, nested classes annotated with @Configuration.
19:08:51.425 [main] INFO org.springframework.boot.test.context.SpringBootTestContextBootstrapper -- Found @SpringBootConfiguration bookstore.bookstore.BookstoreApplication for test class bookstore.bookstore.CategoryRepositoryTests
19:08:51.455 [main] INFO org.springframework.boot.devtools.restart.RestartApplicationListener -- Restart disabled due to context in which it is running

  .   ____          _            __ _ _
 /\\ / ___'_ __ _ _(_)_ __  __ _ \ \ \ \
( ( )\___ | '_ | '_| | '_ \/ _` | \ \ \ \
 \\/  ___)| |_)| | | | | || (_| |  ) ) ) )
  '  |____| .__|_| |_|_| |_\__, | / / / /
 =========|_|==============|___/=/_/_/_/

 :: Spring Boot ::                (v3.4.2)

2025-03-17T19:08:51.579+02:00  INFO 30088 --- [           main] b.bookstore.CategoryRepositoryTests      : Starting CategoryRepositoryTests using Java 21.0.3 with PID 30088 (started by anttivaris in /Users/anttivaris/Desktop/Opiskelu/Kevät 2025 - 1/Bookstore2)
2025-03-17T19:08:51.579+02:00  INFO 30088 --- [           main] b.bookstore.CategoryRepositoryTests      : The following 1 profile is active: "dev"
2025-03-17T19:08:51.717+02:00  INFO 30088 --- [           main] .s.d.r.c.RepositoryConfigurationDelegate : Bootstrapping Spring Data JPA repositories in DEFAULT mode.
2025-03-17T19:08:51.742+02:00  INFO 30088 --- [           main] .s.d.r.c.RepositoryConfigurationDelegate : Finished Spring Data repository scanning in 20 ms. Found 3 JPA repository interfaces.
2025-03-17T19:08:51.855+02:00  INFO 30088 --- [           main] com.zaxxer.hikari.HikariDataSource       : HikariPool-1 - Starting...
2025-03-17T19:08:51.933+02:00  INFO 30088 --- [           main] com.zaxxer.hikari.pool.HikariPool        : HikariPool-1 - Added connection conn0: url=jdbc:h2:mem:c21541a8-2c96-4f8b-9d99-fe1c57faca8f user=SA
2025-03-17T19:08:51.933+02:00  INFO 30088 --- [           main] com.zaxxer.hikari.HikariDataSource       : HikariPool-1 - Start completed.
2025-03-17T19:08:51.956+02:00  INFO 30088 --- [           main] o.hibernate.jpa.internal.util.LogHelper  : HHH000204: Processing PersistenceUnitInfo [name: default]
2025-03-17T19:08:51.983+02:00  INFO 30088 --- [           main] org.hibernate.Version                    : HHH000412: Hibernate ORM core version 6.6.5.Final
2025-03-17T19:08:51.999+02:00  INFO 30088 --- [           main] o.h.c.internal.RegionFactoryInitiator    : HHH000026: Second-level cache disabled
2025-03-17T19:08:52.098+02:00  INFO 30088 --- [           main] o.s.o.j.p.SpringPersistenceUnitInfo      : No LoadTimeWeaver setup: ignoring JPA class transformer
2025-03-17T19:08:52.126+02:00  INFO 30088 --- [           main] org.hibernate.orm.connections.pooling    : HHH10001005: Database info:
	Database JDBC URL [Connecting through datasource 'HikariDataSource (HikariPool-1)']
	Database driver: undefined/unknown
	Database version: 2.3.232
	Autocommit mode: undefined/unknown
	Isolation level: undefined/unknown
	Minimum pool size: undefined/unknown
	Maximum pool size: undefined/unknown
Hibernate: create global temporary table HTE_category(rn_ integer not null, categoryid bigint, name varchar(255), primary key (rn_)) TRANSACTIONAL
2025-03-17T19:08:52.505+02:00  INFO 30088 --- [           main] o.h.e.t.j.p.i.JtaPlatformInitiator       : HHH000489: No JTA platform available (set 'hibernate.transaction.jta.platform' to enable JTA platform integration)
Hibernate: drop table if exists book cascade 
Hibernate: drop table if exists category cascade 
Hibernate: drop table if exists user_table cascade 
Hibernate: drop sequence if exists category_seq
Hibernate: create sequence category_seq start with 1 increment by 50
Hibernate: create table book (categoryid bigint, id bigint generated by default as identity, author varchar(255) not null, isbn varchar(255), price varchar(255), publication_year varchar(255), title varchar(255) not null, primary key (id))
Hibernate: create table category (categoryid bigint not null, name varchar(255), primary key (categoryid))
Hibernate: create table user_table (id bigint generated by default as identity, password varchar(255) not null, role varchar(255) not null, username varchar(255) not null unique, primary key (id))
Hibernate: alter table if exists book add constraint FK2b35frrtu8m7cdfnu300xhnlm foreign key (categoryid) references category
2025-03-17T19:08:52.528+02:00  INFO 30088 --- [           main] j.LocalContainerEntityManagerFactoryBean : Initialized JPA EntityManagerFactory for persistence unit 'default'
2025-03-17T19:08:52.669+02:00  INFO 30088 --- [           main] b.bookstore.CategoryRepositoryTests      : Started CategoryRepositoryTests in 1.216 seconds (process running for 1.621)
Hibernate: select count(*) from category c1_0
Hibernate: select next value for category_seq
Hibernate: insert into category (name,categoryid) values (?,?)
Hibernate: select next value for category_seq
Hibernate: insert into category (name,categoryid) values (?,?)
Hibernate: insert into category (name,categoryid) values (?,?)
Hibernate: insert into category (name,categoryid) values (?,?)
2025-03-17T19:08:52.872+02:00  INFO 30088 --- [           main] b.bookstore.BookstoreApplication         : Add some demo books to db...
Hibernate: select count(*) from book b1_0
Hibernate: insert into book (author,categoryid,isbn,price,publication_year,title,id) values (?,?,?,?,?,?,default)
Hibernate: insert into book (author,categoryid,isbn,price,publication_year,title,id) values (?,?,?,?,?,?,default)
Hibernate: insert into book (author,categoryid,isbn,price,publication_year,title,id) values (?,?,?,?,?,?,default)
Hibernate: insert into book (author,categoryid,isbn,price,publication_year,title,id) values (?,?,?,?,?,?,default)
2025-03-17T19:08:52.883+02:00  INFO 30088 --- [           main] b.bookstore.BookstoreApplication         : Printing list of books...
Hibernate: select b1_0.id,b1_0.author,b1_0.categoryid,b1_0.isbn,b1_0.price,b1_0.publication_year,b1_0.title from book b1_0
Hibernate: select c1_0.categoryid,c1_0.name from category c1_0 where c1_0.categoryid=?
Hibernate: select c1_0.categoryid,c1_0.name from category c1_0 where c1_0.categoryid=?
Hibernate: select c1_0.categoryid,c1_0.name from category c1_0 where c1_0.categoryid=?
2025-03-17T19:08:52.897+02:00  INFO 30088 --- [           main] b.bookstore.BookstoreApplication         : Book [id=1, title=Lord of the Rings: The Two Towers, author=J.R.R. Tolkien, publicationYear=1954, isbn=978-951-0-33337-2, price=24.00, category=Fantasy]
2025-03-17T19:08:52.897+02:00  INFO 30088 --- [           main] b.bookstore.BookstoreApplication         : Book [id=2, title=Harry Potter and the Philosopher's Stone, author=J.K. Rowling, publicationYear=1997, isbn=951-31-1146-6, price=19.00, category=Fantasy]
2025-03-17T19:08:52.897+02:00  INFO 30088 --- [           main] b.bookstore.BookstoreApplication         : Book [id=3, title=Kafka on the Shore, author=H. Murakami, publicationYear=2002, isbn=1-84343-110-6, price=9.90, category=Magical realism]
2025-03-17T19:08:52.897+02:00  INFO 30088 --- [           main] b.bookstore.BookstoreApplication         : Book [id=4, title=The Egyptian, author=M. Waltari, publicationYear=1945, isbn=1-55652-441-2, price=39.90, category=Historical novel]
Hibernate: select count(*) from user_table au1_0
Hibernate: insert into user_table (password,role,username,id) values (?,?,?,default)
Hibernate: insert into user_table (password,role,username,id) values (?,?,?,default)
]]></system-out>
    <system-err><![CDATA[Mockito is currently self-attaching to enable the inline-mock-maker. This will no longer work in future releases of the JDK. Please add Mockito as an agent to your build what is described in Mockito's documentation: https://javadoc.io/doc/org.mockito/mockito-core/latest/org/mockito/Mockito.html#0.3
WARNING: A Java agent has been loaded dynamically (/Users/anttivaris/.m2/repository/net/bytebuddy/byte-buddy-agent/1.15.11/byte-buddy-agent-1.15.11.jar)
WARNING: If a serviceability tool is in use, please run with -XX:+EnableDynamicAgentLoading to hide this warning
WARNING: If a serviceability tool is not in use, please run with -Djdk.instrument.traceUsage for more information
WARNING: Dynamic loading of agents will be disallowed by default in a future release
]]></system-err>
  </testcase>
  <testcase name="searchCategoryByNameWorks" classname="bookstore.bookstore.CategoryRepositoryTests" time="0.012">
    <system-out><![CDATA[Hibernate: insert into category (name,categoryid) values (?,?)
Hibernate: select c1_0.categoryid,c1_0.name from category c1_0 where c1_0.name=?
]]></system-out>
  </testcase>
  <testcase name="deletingCategoryWorks" classname="bookstore.bookstore.CategoryRepositoryTests" time="0.006">
    <system-out><![CDATA[Hibernate: insert into category (name,categoryid) values (?,?)
Hibernate: select c1_0.categoryid,c1_0.name from category c1_0 where c1_0.name=?
Hibernate: delete from category where categoryid=?
Hibernate: select c1_0.categoryid,c1_0.name from category c1_0 where c1_0.name=?
]]></system-out>
  </testcase>
</testsuite>