<?xml version="1.0" encoding="UTF-8"?>
<testsuite xmlns:xsi="http://www.w3.org/2001/XMLSchema-instance" xsi:noNamespaceSchemaLocation="https://maven.apache.org/surefire/maven-surefire-plugin/xsd/surefire-test-report.xsd" version="3.0.2" name="bookstore.bookstore.BookstoreApplicationTests" time="2.087" tests="1" errors="0" skipped="0" failures="0">
  <properties>
[...]
</properties>
  <testcase name="contextLoads" classname="bookstore.bookstore.BookstoreApplicationTests" time="0.365">
    <system-out><![CDATA[20:17:45.221 [main] INFO org.springframework.test.context.support.AnnotationConfigContextLoaderUtils -- Could not detect default configuration classes for test class [bookstore.bookstore.BookstoreApplicationTests]: BookstoreApplicationTests does not declare any static, non-private, non-final, nested classes annotated with @Configuration.
20:17:45.267 [main] INFO org.springframework.boot.test.context.SpringBootTestContextBootstrapper -- Found @SpringBootConfiguration bookstore.bookstore.BookstoreApplication for test class bookstore.bookstore.BookstoreApplicationTests
20:17:45.325 [main] INFO org.springframework.boot.devtools.restart.RestartApplicationListener -- Restart disabled due to context in which it is running

  .   ____          _            __ _ _
 /\\ / ___'_ __ _ _(_)_ __  __ _ \ \ \ \
( ( )\___ | '_ | '_| | '_ \/ _` | \ \ \ \
 \\/  ___)| |_)| | | | | || (_| |  ) ) ) )
  '  |____| .__|_| |_|_| |_\__, | / / / /
 =========|_|==============|___/=/_/_/_/

 :: Spring Boot ::                (v3.4.2)

2025-01-30T20:17:45.430+02:00  INFO 82980 --- [bookstore] [           main] b.bookstore.BookstoreApplicationTests    : Starting BookstoreApplicationTests using Java 21.0.3 with PID 82980 (started by anttivaris in /Users/anttivaris/Desktop/Opiskelu/Kevät 2025 - 1/Back end -ohjelmointi/Bookstore/bookstore)
2025-01-30T20:17:45.431+02:00  INFO 82980 --- [bookstore] [           main] b.bookstore.BookstoreApplicationTests    : No active profile set, falling back to 1 default profile: "default"
2025-01-30T20:17:45.677+02:00  INFO 82980 --- [bookstore] [           main] .s.d.r.c.RepositoryConfigurationDelegate : Bootstrapping Spring Data JPA repositories in DEFAULT mode.
2025-01-30T20:17:45.697+02:00  INFO 82980 --- [bookstore] [           main] .s.d.r.c.RepositoryConfigurationDelegate : Finished Spring Data repository scanning in 17 ms. Found 1 JPA repository interface.
2025-01-30T20:17:45.860+02:00  INFO 82980 --- [bookstore] [           main] com.zaxxer.hikari.HikariDataSource       : HikariPool-1 - Starting...
2025-01-30T20:17:45.931+02:00  INFO 82980 --- [bookstore] [           main] com.zaxxer.hikari.pool.HikariPool        : HikariPool-1 - Added connection conn0: url=jdbc:h2:mem:testdb user=SA
2025-01-30T20:17:45.932+02:00  INFO 82980 --- [bookstore] [           main] com.zaxxer.hikari.HikariDataSource       : HikariPool-1 - Start completed.
2025-01-30T20:17:45.961+02:00  INFO 82980 --- [bookstore] [           main] o.hibernate.jpa.internal.util.LogHelper  : HHH000204: Processing PersistenceUnitInfo [name: default]
2025-01-30T20:17:45.990+02:00  INFO 82980 --- [bookstore] [           main] org.hibernate.Version                    : HHH000412: Hibernate ORM core version 6.6.5.Final
2025-01-30T20:17:46.008+02:00  INFO 82980 --- [bookstore] [           main] o.h.c.internal.RegionFactoryInitiator    : HHH000026: Second-level cache disabled
2025-01-30T20:17:46.115+02:00  INFO 82980 --- [bookstore] [           main] o.s.o.j.p.SpringPersistenceUnitInfo      : No LoadTimeWeaver setup: ignoring JPA class transformer
2025-01-30T20:17:46.145+02:00  INFO 82980 --- [bookstore] [           main] org.hibernate.orm.connections.pooling    : HHH10001005: Database info:
	Database JDBC URL [Connecting through datasource 'HikariDataSource (HikariPool-1)']
	Database driver: undefined/unknown
	Database version: 2.3.232
	Autocommit mode: undefined/unknown
	Isolation level: undefined/unknown
	Minimum pool size: undefined/unknown
	Maximum pool size: undefined/unknown
2025-01-30T20:17:46.452+02:00  INFO 82980 --- [bookstore] [           main] o.h.e.t.j.p.i.JtaPlatformInitiator       : HHH000489: No JTA platform available (set 'hibernate.transaction.jta.platform' to enable JTA platform integration)
2025-01-30T20:17:46.464+02:00  INFO 82980 --- [bookstore] [           main] j.LocalContainerEntityManagerFactoryBean : Initialized JPA EntityManagerFactory for persistence unit 'default'
2025-01-30T20:17:46.600+02:00  WARN 82980 --- [bookstore] [           main] JpaBaseConfiguration$JpaWebConfiguration : spring.jpa.open-in-view is enabled by default. Therefore, database queries may be performed during view rendering. Explicitly configure spring.jpa.open-in-view to disable this warning
2025-01-30T20:17:46.610+02:00  INFO 82980 --- [bookstore] [           main] o.s.b.a.w.s.WelcomePageHandlerMapping    : Adding welcome page template: index
2025-01-30T20:17:46.759+02:00  INFO 82980 --- [bookstore] [           main] o.s.b.a.h2.H2ConsoleAutoConfiguration    : H2 console available at '/h2-console'. Database available at 'jdbc:h2:mem:testdb'
2025-01-30T20:17:46.784+02:00  INFO 82980 --- [bookstore] [           main] b.bookstore.BookstoreApplicationTests    : Started BookstoreApplicationTests in 1.464 seconds (process running for 1.869)
2025-01-30T20:17:46.785+02:00  INFO 82980 --- [bookstore] [           main] b.bookstore.BookstoreApplication         : Add some demo books to db...
2025-01-30T20:17:46.821+02:00  INFO 82980 --- [bookstore] [           main] b.bookstore.BookstoreApplication         : Printing list of books...
2025-01-30T20:17:46.864+02:00  INFO 82980 --- [bookstore] [           main] b.bookstore.BookstoreApplication         : Book [id=1, title=Lord of the Rings: The Two Towers, author=J.R.R. Tolkien, publicationYear=1954, isbn=978-951-0-33337-2, price=24.00]
2025-01-30T20:17:46.864+02:00  INFO 82980 --- [bookstore] [           main] b.bookstore.BookstoreApplication         : Book [id=2, title=Harry Potter and the Philosopher's Stone, author=J.K. Rowling, publicationYear=1997, isbn=951-31-1146-6, price=19.00]
]]></system-out>
    <system-err><![CDATA[Mockito is currently self-attaching to enable the inline-mock-maker. This will no longer work in future releases of the JDK. Please add Mockito as an agent to your build what is described in Mockito's documentation: https://javadoc.io/doc/org.mockito/mockito-core/latest/org/mockito/Mockito.html#0.3
WARNING: A Java agent has been loaded dynamically (/Users/anttivaris/.m2/repository/net/bytebuddy/byte-buddy-agent/1.15.11/byte-buddy-agent-1.15.11.jar)
WARNING: If a serviceability tool is in use, please run with -XX:+EnableDynamicAgentLoading to hide this warning
WARNING: If a serviceability tool is not in use, please run with -Djdk.instrument.traceUsage for more information
WARNING: Dynamic loading of agents will be disallowed by default in a future release
]]></system-err>
  </testcase>
</testsuite>